<?xml version="1.0" encoding="UTF-8"?>
<!-- Generated by org.testng.reporters.JUnitXMLReporter -->
<testsuite ignored="0" hostname="SC-CAF-CND84305MY" failures="0" tests="3" name="Default test" time="25.693" errors="0" timestamp="2024-07-05T15:23:48 IST">
  <testcase classname="com.automation.testcases.LoginTest" name="loginApp" time="0.057"/>
  <testcase classname="com.automation.testcases.LoginTest" name="loginApp1" time="6.657"/>
  <testcase classname="com.automation.testcases.LoginTest" name="loginApp2" time="0.005"/>
</testsuite> <!-- Default test -->
